<?xml version="1.0" encoding="UTF-8"?>
<!-- Generated by org.testng.reporters.JUnitReportReporter -->
<testsuite skipped="0" hostname="DESKTOP-3R9JBLA" name="com.shawn.api.test.TestHttpRequest" tests="2" failures="0" timestamp="08 三月 2019 09:20:24 GMT" time="1.548" errors="0">
  <testcase name="testGet" time="0.988" classname="com.shawn.api.test.TestHttpRequest"/>
  <testcase name="testPost" time="0.560" classname="com.shawn.api.test.TestHttpRequest"/>
</testsuite> <!-- com.shawn.api.test.TestHttpRequest -->
